<?xml version="1.0" encoding="UTF-8"?>
<coverage generated="1550268453608" clover="3.2.0">
  <project timestamp="1550268453608" name="All files">
    <metrics statements="34" coveredstatements="30" conditionals="0" coveredconditionals="0" methods="6" coveredmethods="2" elements="40" coveredelements="32" complexity="0" loc="34" ncloc="34" packages="3" files="6" classes="6">
      <package name="frontend">
        <metrics statements="3" coveredstatements="3" conditionals="0" coveredconditionals="0" methods="0" coveredmethods="0"/>
        <file name="setupEnzyme.ts" path="C:\Users\Yusuf\Dropbox\Private\IOWA-Private\Courses\2019-Spring\SEP\SPP500\frontend\setupEnzyme.ts">
          <metrics statements="3" coveredstatements="3" conditionals="0" coveredconditionals="0" methods="0" coveredmethods="0"/>
          <line num="1" count="1" type="stmt"/>
          <line num="2" count="1" type="stmt"/>
          <line num="3" count="1" type="stmt"/>
        </file>
      </package>
      <package name="frontend.src.renderer">
        <metrics statements="9" coveredstatements="9" conditionals="0" coveredconditionals="0" methods="2" coveredmethods="2"/>
        <file name="app.tsx" path="C:\Users\Yusuf\Dropbox\Private\IOWA-Private\Courses\2019-Spring\SEP\SPP500\frontend\src\renderer\app.tsx">
          <metrics statements="9" coveredstatements="9" conditionals="0" coveredconditionals="0" methods="2" coveredmethods="2"/>
          <line num="1" count="1" type="stmt"/>
          <line num="2" count="1" type="stmt"/>
          <line num="3" count="1" type="stmt"/>
          <line num="4" count="1" type="stmt"/>
          <line num="5" count="1" type="stmt"/>
          <line num="7" count="1" type="stmt"/>
          <line num="11" count="1" type="stmt"/>
          <line num="13" count="1" type="stmt"/>
          <line num="17" count="1" type="stmt"/>
        </file>
      </package>
      <package name="frontend.src.renderer.components">
        <metrics statements="22" coveredstatements="18" conditionals="0" coveredconditionals="0" methods="4" coveredmethods="0"/>
        <file name="Footer.tsx" path="C:\Users\Yusuf\Dropbox\Private\IOWA-Private\Courses\2019-Spring\SEP\SPP500\frontend\src\renderer\components\Footer.tsx">
          <metrics statements="4" coveredstatements="3" conditionals="0" coveredconditionals="0" methods="1" coveredmethods="0"/>
          <line num="1" count="1" type="stmt"/>
          <line num="3" count="1" type="stmt"/>
          <line num="5" count="1" type="stmt"/>
          <line num="6" count="0" type="stmt"/>
        </file>
        <file name="LandingPage.tsx" path="C:\Users\Yusuf\Dropbox\Private\IOWA-Private\Courses\2019-Spring\SEP\SPP500\frontend\src\renderer\components\LandingPage.tsx">
          <metrics statements="4" coveredstatements="3" conditionals="0" coveredconditionals="0" methods="1" coveredmethods="0"/>
          <line num="1" count="1" type="stmt"/>
          <line num="2" count="1" type="stmt"/>
          <line num="4" count="1" type="stmt"/>
          <line num="5" count="0" type="stmt"/>
        </file>
        <file name="LoginHeader.tsx" path="C:\Users\Yusuf\Dropbox\Private\IOWA-Private\Courses\2019-Spring\SEP\SPP500\frontend\src\renderer\components\LoginHeader.tsx">
          <metrics statements="6" coveredstatements="5" conditionals="0" coveredconditionals="0" methods="1" coveredmethods="0"/>
          <line num="1" count="1" type="stmt"/>
          <line num="2" count="1" type="stmt"/>
          <line num="3" count="1" type="stmt"/>
          <line num="5" count="1" type="stmt"/>
          <line num="7" count="1" type="stmt"/>
          <line num="8" count="0" type="stmt"/>
        </file>
        <file name="Registration.tsx" path="C:\Users\Yusuf\Dropbox\Private\IOWA-Private\Courses\2019-Spring\SEP\SPP500\frontend\src\renderer\components\Registration.tsx">
          <metrics statements="8" coveredstatements="7" conditionals="0" coveredconditionals="0" methods="1" coveredmethods="0"/>
          <line num="1" count="1" type="stmt"/>
          <line num="2" count="1" type="stmt"/>
          <line num="3" count="1" type="stmt"/>
          <line num="4" count="1" type="stmt"/>
          <line num="5" count="1" type="stmt"/>
          <line num="7" count="1" type="stmt"/>
          <line num="9" count="1" type="stmt"/>
          <line num="10" count="0" type="stmt"/>
        </file>
      </package>
    </metrics>
  </project>
</coverage>
