{"C:\\Users\\Yusuf\\Dropbox\\Private\\IOWA-Private\\Courses\\2019-Spring\\SEP\\SPP500\\frontend\\setupEnzyme.ts": {"path":"C:\\Users\\Yusuf\\Dropbox\\Private\\IOWA-Private\\Courses\\2019-Spring\\SEP\\SPP500\\frontend\\setupEnzyme.ts","statementMap":{"0":{"start":{"line":1,"column":0},"end":{"line":1,"column":34}},"1":{"start":{"line":2,"column":0},"end":{"line":2,"column":56}},"2":{"start":{"line":3,"column":0},"end":{"line":3,"column":44}}},"fnMap":{},"branchMap":{},"s":{"0":1,"1":1,"2":1},"f":{},"b":{}}
,"C:\\Users\\Yusuf\\Dropbox\\Private\\IOWA-Private\\Courses\\2019-Spring\\SEP\\SPP500\\frontend\\src\\renderer\\app.tsx": {"path":"C:\\Users\\Yusuf\\Dropbox\\Private\\IOWA-Private\\Courses\\2019-Spring\\SEP\\SPP500\\frontend\\src\\renderer\\app.tsx","statementMap":{"0":{"start":{"line":1,"column":0},"end":{"line":1,"column":30}},"1":{"start":{"line":2,"column":0},"end":{"line":2,"column":52}},"2":{"start":{"line":3,"column":0},"end":{"line":3,"column":42}},"3":{"start":{"line":4,"column":0},"end":{"line":4,"column":52}},"4":{"start":{"line":5,"column":0},"end":{"line":5,"column":54}},"5":{"start":{"line":7,"column":0},"end":{"line":7,"column":23}},"6":{"start":{"line":13,"column":2},"end":{"line":13,"column":15}},"7":{"start":{"line":17,"column":2},"end":{"line":28,"column":4}},"8":{"start":{"line":11,"column":0},"end":{"line":31,"column":1}}},"fnMap":{"0":{"name":"(anonymous_0)","decl":{"start":{"line":12,"column":1},"end":{"line":12,"column":12}},"loc":{"start":{"line":12,"column":28},"end":{"line":14,"column":2}}},"1":{"name":"(anonymous_1)","decl":{"start":{"line":16,"column":1},"end":{"line":16,"column":6}},"loc":{"start":{"line":16,"column":7},"end":{"line":29,"column":2}}}},"branchMap":{},"s":{"0":1,"1":1,"2":1,"3":1,"4":1,"5":1,"6":1,"7":1,"8":1},"f":{"0":1,"1":1},"b":{}}
,"C:\\Users\\Yusuf\\Dropbox\\Private\\IOWA-Private\\Courses\\2019-Spring\\SEP\\SPP500\\frontend\\src\\renderer\\components\\Footer.tsx": {"path":"C:\\Users\\Yusuf\\Dropbox\\Private\\IOWA-Private\\Courses\\2019-Spring\\SEP\\SPP500\\frontend\\src\\renderer\\components\\Footer.tsx","statementMap":{"0":{"start":{"line":1,"column":0},"end":{"line":1,"column":25}},"1":{"start":{"line":3,"column":0},"end":{"line":3,"column":27}},"2":{"start":{"line":5,"column":13},"end":{"line":11,"column":1}},"3":{"start":{"line":6,"column":1},"end":{"line":10,"column":3}}},"fnMap":{"0":{"name":"(anonymous_0)","decl":{"start":{"line":5,"column":52},"end":{"line":5,"column":54}},"loc":{"start":{"line":5,"column":57},"end":{"line":11,"column":1}}}},"branchMap":{},"s":{"0":1,"1":1,"2":1,"3":0},"f":{"0":0},"b":{}}
,"C:\\Users\\Yusuf\\Dropbox\\Private\\IOWA-Private\\Courses\\2019-Spring\\SEP\\SPP500\\frontend\\src\\renderer\\components\\LandingPage.tsx": {"path":"C:\\Users\\Yusuf\\Dropbox\\Private\\IOWA-Private\\Courses\\2019-Spring\\SEP\\SPP500\\frontend\\src\\renderer\\components\\LandingPage.tsx","statementMap":{"0":{"start":{"line":1,"column":0},"end":{"line":1,"column":25}},"1":{"start":{"line":2,"column":0},"end":{"line":2,"column":33}},"2":{"start":{"line":4,"column":13},"end":{"line":12,"column":1}},"3":{"start":{"line":5,"column":1},"end":{"line":11,"column":3}}},"fnMap":{"0":{"name":"(anonymous_0)","decl":{"start":{"line":4,"column":57},"end":{"line":4,"column":59}},"loc":{"start":{"line":4,"column":62},"end":{"line":12,"column":1}}}},"branchMap":{},"s":{"0":1,"1":1,"2":1,"3":0},"f":{"0":0},"b":{}}
,"C:\\Users\\Yusuf\\Dropbox\\Private\\IOWA-Private\\Courses\\2019-Spring\\SEP\\SPP500\\frontend\\src\\renderer\\components\\LoginHeader.tsx": {"path":"C:\\Users\\Yusuf\\Dropbox\\Private\\IOWA-Private\\Courses\\2019-Spring\\SEP\\SPP500\\frontend\\src\\renderer\\components\\LoginHeader.tsx","statementMap":{"0":{"start":{"line":1,"column":0},"end":{"line":1,"column":25}},"1":{"start":{"line":2,"column":0},"end":{"line":2,"column":43}},"2":{"start":{"line":3,"column":0},"end":{"line":3,"column":45}},"3":{"start":{"line":5,"column":0},"end":{"line":5,"column":33}},"4":{"start":{"line":7,"column":13},"end":{"line":20,"column":1}},"5":{"start":{"line":8,"column":1},"end":{"line":19,"column":3}}},"fnMap":{"0":{"name":"(anonymous_0)","decl":{"start":{"line":7,"column":57},"end":{"line":7,"column":59}},"loc":{"start":{"line":7,"column":62},"end":{"line":20,"column":1}}}},"branchMap":{},"s":{"0":1,"1":1,"2":1,"3":1,"4":1,"5":0},"f":{"0":0},"b":{}}
,"C:\\Users\\Yusuf\\Dropbox\\Private\\IOWA-Private\\Courses\\2019-Spring\\SEP\\SPP500\\frontend\\src\\renderer\\components\\Registration.tsx": {"path":"C:\\Users\\Yusuf\\Dropbox\\Private\\IOWA-Private\\Courses\\2019-Spring\\SEP\\SPP500\\frontend\\src\\renderer\\components\\Registration.tsx","statementMap":{"0":{"start":{"line":1,"column":0},"end":{"line":1,"column":25}},"1":{"start":{"line":2,"column":0},"end":{"line":2,"column":41}},"2":{"start":{"line":3,"column":0},"end":{"line":3,"column":53}},"3":{"start":{"line":4,"column":0},"end":{"line":4,"column":51}},"4":{"start":{"line":5,"column":0},"end":{"line":5,"column":45}},"5":{"start":{"line":7,"column":0},"end":{"line":7,"column":33}},"6":{"start":{"line":9,"column":13},"end":{"line":74,"column":1}},"7":{"start":{"line":10,"column":1},"end":{"line":73,"column":3}}},"fnMap":{"0":{"name":"(anonymous_0)","decl":{"start":{"line":9,"column":58},"end":{"line":9,"column":60}},"loc":{"start":{"line":9,"column":63},"end":{"line":74,"column":1}}}},"branchMap":{},"s":{"0":1,"1":1,"2":1,"3":1,"4":1,"5":1,"6":1,"7":0},"f":{"0":0},"b":{}}
}
