TN:
SF:C:\Users\Yusuf\Dropbox\Private\IOWA-Private\Courses\2019-Spring\SEP\SPP500\frontend\setupEnzyme.ts
FNF:0
FNH:0
DA:1,1
DA:2,1
DA:3,1
LF:3
LH:3
BRF:0
BRH:0
end_of_record
TN:
SF:C:\Users\Yusuf\Dropbox\Private\IOWA-Private\Courses\2019-Spring\SEP\SPP500\frontend\src\renderer\app.tsx
FN:12,(anonymous_0)
FN:16,(anonymous_1)
FNF:2
FNH:2
FNDA:1,(anonymous_0)
FNDA:1,(anonymous_1)
DA:1,1
DA:2,1
DA:3,1
DA:4,1
DA:5,1
DA:7,1
DA:11,1
DA:13,1
DA:17,1
LF:9
LH:9
BRF:0
BRH:0
end_of_record
TN:
SF:C:\Users\Yusuf\Dropbox\Private\IOWA-Private\Courses\2019-Spring\SEP\SPP500\frontend\src\renderer\components\Footer.tsx
FN:5,(anonymous_0)
FNF:1
FNH:0
FNDA:0,(anonymous_0)
DA:1,1
DA:3,1
DA:5,1
DA:6,0
LF:4
LH:3
BRF:0
BRH:0
end_of_record
TN:
SF:C:\Users\Yusuf\Dropbox\Private\IOWA-Private\Courses\2019-Spring\SEP\SPP500\frontend\src\renderer\components\LandingPage.tsx
FN:4,(anonymous_0)
FNF:1
FNH:0
FNDA:0,(anonymous_0)
DA:1,1
DA:2,1
DA:4,1
DA:5,0
LF:4
LH:3
BRF:0
BRH:0
end_of_record
TN:
SF:C:\Users\Yusuf\Dropbox\Private\IOWA-Private\Courses\2019-Spring\SEP\SPP500\frontend\src\renderer\components\LoginHeader.tsx
FN:7,(anonymous_0)
FNF:1
FNH:0
FNDA:0,(anonymous_0)
DA:1,1
DA:2,1
DA:3,1
DA:5,1
DA:7,1
DA:8,0
LF:6
LH:5
BRF:0
BRH:0
end_of_record
TN:
SF:C:\Users\Yusuf\Dropbox\Private\IOWA-Private\Courses\2019-Spring\SEP\SPP500\frontend\src\renderer\components\Registration.tsx
FN:9,(anonymous_0)
FNF:1
FNH:0
FNDA:0,(anonymous_0)
DA:1,1
DA:2,1
DA:3,1
DA:4,1
DA:5,1
DA:7,1
DA:9,1
DA:10,0
LF:8
LH:7
BRF:0
BRH:0
end_of_record
